TN:
SF:/home/mrhz/Documents/node/hzverse/hzverse-db/index.js
FN:9,(anonymous_0)
FNF:1
FNH:1
FNDA:4,(anonymous_0)
DA:3,4
DA:4,4
DA:5,4
DA:6,4
DA:7,4
DA:9,4
DA:10,4
DA:22,4
DA:23,4
DA:24,4
DA:26,4
DA:27,4
DA:29,4
DA:31,4
DA:32,0
DA:35,4
DA:36,4
DA:38,4
LF:18
LH:17
BRDA:31,0,0,0
BRDA:31,0,1,4
BRF:2
BRH:1
end_of_record
TN:
SF:/home/mrhz/Documents/node/hzverse/hzverse-db/lib/agent.js
FN:3,setupAgent
FN:4,createOrUpdate
FN:23,findById
FNF:3
FNH:3
FNDA:4,setupAgent
FNDA:1,createOrUpdate
FNDA:1,findById
DA:3,1
DA:5,1
DA:11,1
DA:13,1
DA:14,1
DA:15,1
DA:18,0
DA:19,0
DA:24,1
DA:27,4
LF:10
LH:8
BRDA:13,0,0,1
BRDA:13,0,1,0
BRDA:15,1,0,1
BRDA:15,1,1,0
BRF:4
BRH:2
end_of_record
TN:
SF:/home/mrhz/Documents/node/hzverse/hzverse-db/lib/db.js
FN:6,setupDatabase
FNF:1
FNH:1
FNDA:4,setupDatabase
DA:3,1
DA:4,1
DA:6,1
DA:7,4
DA:8,1
DA:11,4
LF:6
LH:6
BRDA:7,0,0,1
BRDA:7,0,1,3
BRF:2
BRH:2
end_of_record
TN:
SF:/home/mrhz/Documents/node/hzverse/hzverse-db/models/agent.js
FN:6,setupAgentModel
FNF:1
FNH:0
FNDA:0,setupAgentModel
DA:3,1
DA:4,1
DA:6,1
DA:7,0
DA:9,0
LF:5
LH:3
BRF:0
BRH:0
end_of_record
TN:
SF:/home/mrhz/Documents/node/hzverse/hzverse-db/models/metric.js
FN:6,setupMetricModel
FNF:1
FNH:0
FNDA:0,setupMetricModel
DA:3,1
DA:4,1
DA:6,1
DA:7,0
DA:9,0
LF:5
LH:3
BRF:0
BRH:0
end_of_record
TN:
SF:/home/mrhz/Documents/node/hzverse/hzverse-db/tests/agent-test.js
FN:9,(anonymous_4)
FN:29,(anonymous_5)
FN:49,(anonymous_6)
FN:50,(anonymous_7)
FN:55,(anonymous_8)
FN:59,(anonymous_9)
FN:64,(anonymous_10)
FN:71,(anonymous_11)
FN:81,(anonymous_12)
FNF:9
FNH:8
FNDA:0,(anonymous_4)
FNDA:4,(anonymous_5)
FNDA:4,(anonymous_6)
FNDA:4,(anonymous_7)
FNDA:4,(anonymous_8)
FNDA:1,(anonymous_9)
FNDA:1,(anonymous_10)
FNDA:1,(anonymous_11)
FNDA:1,(anonymous_12)
DA:3,1
DA:4,1
DA:5,1
DA:6,1
DA:8,1
DA:12,1
DA:16,1
DA:17,1
DA:18,1
DA:19,1
DA:20,1
DA:21,1
DA:23,1
DA:29,1
DA:30,4
DA:32,4
DA:37,4
DA:38,4
DA:41,4
DA:42,4
DA:45,4
DA:46,4
DA:48,4
DA:49,4
DA:50,4
DA:52,4
DA:55,1
DA:56,4
DA:59,1
DA:60,1
DA:61,1
DA:64,4
DA:65,1
DA:66,1
DA:67,1
DA:68,1
DA:71,3
DA:72,1
DA:74,1
DA:75,1
DA:76,1
DA:78,1
DA:81,3
DA:82,1
DA:84,1
DA:85,1
DA:86,1
DA:88,1
LF:48
LH:48
BRDA:56,0,0,4
BRDA:56,0,1,4
BRF:2
BRH:2
end_of_record
TN:
SF:/home/mrhz/Documents/node/hzverse/hzverse-db/tests/fixtures/agent.js
FN:23,extend
FN:31,(anonymous_1)
FN:32,(anonymous_2)
FN:33,(anonymous_3)
FN:33,(anonymous_4)
FN:34,(anonymous_5)
FN:34,(anonymous_6)
FNF:7
FNH:7
FNDA:4,extend
FNDA:5,(anonymous_1)
FNDA:5,(anonymous_2)
FNDA:4,(anonymous_3)
FNDA:20,(anonymous_4)
FNDA:5,(anonymous_5)
FNDA:25,(anonymous_6)
DA:3,1
DA:15,1
DA:24,4
DA:25,4
DA:28,1
DA:31,5
DA:32,5
DA:33,20
DA:34,25
LF:9
LH:9
BRF:0
BRH:0
end_of_record
